d:\visual studio\repos\project21\x64\release\vc143.pdb
d:\visual studio\repos\project21\x64\release\fpscounter.obj
d:\visual studio\repos\project21\x64\release\settings.obj
d:\visual studio\repos\project21\x64\release\main.obj
d:\visual studio\repos\project21\x64\release\game.obj
d:\visual studio\repos\project21\x64\release\player.obj
d:\visual studio\repos\project21\x64\release\bullet.obj
d:\visual studio\repos\project21\x64\release\enemy.obj
d:\visual studio\repos\project21\x64\release\starfield.obj
d:\visual studio\repos\project21\x64\release\star.obj
d:\visual studio\repos\project21\x64\release\project21.ipdb
d:\visual studio\repos\project21\x64\release\project21.iobj
d:\visual studio\repos\project21\x64\release\project21.exe
d:\visual studio\repos\project21\x64\release\project21.pdb
d:\visual studio\repos\project21\x64\release\project21.tlog\cl.command.1.tlog
d:\visual studio\repos\project21\x64\release\project21.tlog\cl.items.tlog
d:\visual studio\repos\project21\x64\release\project21.tlog\cl.read.1.tlog
d:\visual studio\repos\project21\x64\release\project21.tlog\cl.write.1.tlog
d:\visual studio\repos\project21\x64\release\project21.tlog\link.command.1.tlog
d:\visual studio\repos\project21\x64\release\project21.tlog\link.read.1.tlog
d:\visual studio\repos\project21\x64\release\project21.tlog\link.write.1.tlog
d:\visual studio\repos\project21\x64\release\project21.tlog\link.write.2u.tlog
